<?xml version="1.0" encoding="UTF-8"?>
<!-- Generated by org.testng.reporters.JUnitXMLReporter -->
<testsuite hostname="Dzhamsheds-MacBook-Pro.local" ignored="0" name="Default test" tests="3" failures="0" timestamp="2020-07-26T18:59:16 PDT" time="0.115" errors="0">
  <testcase name="knockingDoor" time="0.011" classname="com.hrms_API.practice.TDD"/>
  <testcase name="openingDoor" time="0.002" classname="com.hrms_API.practice.TDD"/>
  <testcase name="closingDoor" time="0.001" classname="com.hrms_API.practice.TDD"/>
</testsuite> <!-- Default test -->
